<?xml version="1.0"?>

<scene>
    <gravity>
        <acceleration>1000</acceleration>
        <max-velocity>1000</max-velocity>
    </gravity>
    
    <entities>
        <entity type="player" x="20" y ="200" />

        <entity name="floor" type="platform" x="0" y="400" width="800" height="10">
            <color r="50" g="150" b="255" a="255"/>
        </entity>

        <entity type="platform" x="390" y="350" width="10" height="10">
            <color r="255" g="150" b="255" a="255"/>
        </entity>

        <entity type="platform" x="500" y="300" width="100" height="10">
            <color r="100" g="255" b="100" a="255"/>
        </entity>

        <entity type="platform" x="300" y="250" width="100" height="10">
            <color r="255" g="200" b="100" a="255"/>
        </entity>

        <entity type="platform" x="500" y="200" width="100" height="10">
            <color r="255" g="200" b="100" a="255"/>
        </entity>

        <entity type="platform" x="300" y="150" width="100" height="10">
            <color r="255" g="200" b="100" a="255"/>
        </entity>

        <entity name="box" type="platform" x="0" y="350" width="100" height="50">
            <color r="255" g="200" b="100" a="255"/>
        </entity>

        <entity name="limitRight" type="platform" x="800" y="0" width="1" height="600">
            <color r="255" g="0" b="0" a="0"/>
        </entity>

        <entity name="limitLeft" type="platform" x="0" y="0" width="1" height="600">
            <color r="255" g="0" b="0" a="0"/>
        </entity>
    </entities>
</scene>
